<?xml version="1.0" encoding="UTF-8"?>
<!-- Generated by org.testng.reporters.JUnitXMLReporter -->
<testsuite ignored="0" hostname="DESKTOP-OA55KAB" failures="0" tests="2" name="PortfolioManagement Test" time="10.409" errors="0" timestamp="2024-02-16T14:51:54 IST">
  <testcase classname="testcases.rediff.PortfolioManagement" name="createPortfolio" time="0.02"/>
  <testcase classname="testcases.rediff.PortfolioManagement" name="deletePortfolio" time="0.007"/>
</testsuite> <!-- PortfolioManagement Test -->
