<?xml version="1.0" encoding="UTF-8"?>
<!-- Generated by org.testng.reporters.JUnitXMLReporter -->
<testsuite ignored="0" hostname="DESKTOP-OA55KAB" failures="0" tests="4" name="StockManagement Test" time="5.201" errors="0" timestamp="2024-02-16T14:51:59 IST">
  <testcase classname="testcases.rediff.StockManagement" name="addFreshStock" time="0.004"/>
  <testcase classname="testcases.rediff.StockManagement" name="modifyStock" time="0.015"/>
  <testcase classname="testcases.rediff.StockManagement" name="verifyStockInList" time="0.005"/>
  <testcase classname="testcases.rediff.StockManagement" name="verifyTransactionHistory" time="0.009"/>
</testsuite> <!-- StockManagement Test -->
