<?xml version="1.0" encoding="UTF-8"?>
<!-- Generated by org.testng.reporters.JUnitXMLReporter -->
<testsuite ignored="0" hostname="DESKTOP-OA55KAB" failures="0" tests="2" name="Test" time="0.259" errors="0" timestamp="2024-01-25T11:17:22 IST">
  <testcase classname="testbase.BaseTest" name="@BeforeTest beforeTest" time="0.032">
    <failure type="java.lang.Error" message="Unresolved compilation problem: 
	Syntax error, insert &amp;quot;;&amp;quot; to complete Statement
">
      <![CDATA[java.lang.Error: Unresolved compilation problem: 
Syntax error, insert ";" to complete Statement

at testbase.BaseTest.beforeTest(BaseTest.java:27)
... Removed 24 stack frames]]>
    </failure>
  </testcase> <!-- @BeforeTest beforeTest -->
  <testcase classname="testcases.rediff.PortfolioManagement" name="createPortfolio" time="0.001">
    <skipped/>
  </testcase> <!-- createPortfolio -->
  <testcase classname="testcases.rediff.PortfolioManagement" name="deletePortfolio" time="0.011">
    <skipped/>
  </testcase> <!-- deletePortfolio -->
</testsuite> <!-- Test -->
